item team_redobelisk has modelindex 0item team_blueobelisk has modelindex 0item team_neutralobelisk has modelindex 0item item_botroam has modelindex 0entity worldspawn unknown item
entity func_static unknown item
entity func_static unknown item
entity func_static unknown item
entity func_static unknown item
entity func_static unknown item
entity func_static unknown item
entity func_static unknown item
entity trigger_push unknown item
entity trigger_multiple unknown item
entity func_door unknown item
entity func_door unknown item
entity target_position unknown item
entity target_position unknown item
entity team_CTF_redplayer unknown item
entity team_CTF_bluespawn unknown item
entity team_CTF_redspawn unknown item
entity team_CTF_blueplayer unknown item
entity team_CTF_blueplayer unknown item
entity team_CTF_blueplayer unknown item
entity team_CTF_blueplayer unknown item
entity team_CTF_blueplayer unknown item
entity team_CTF_blueplayer unknown item
entity team_CTF_redplayer unknown item
entity team_CTF_redplayer unknown item
entity team_CTF_redplayer unknown item
entity team_CTF_redplayer unknown item
entity team_CTF_redplayer unknown item
entity team_CTF_redplayer unknown item
entity target_give unknown item
entity target_give unknown item
entity target_position unknown item
entity target_position unknown item
entity target_position unknown item
entity target_location unknown item
entity target_location unknown item
entity target_location unknown item
entity target_location unknown item
entity target_location unknown item
entity target_location unknown item
entity target_speaker unknown item
entity target_speaker unknown item
entity target_position unknown item
entity target_position unknown item
entity target_position unknown item
entity target_speaker unknown item
item holdable_kamikaze reachable from jumppad area 2339
entity info_player_deathmatch unknown item
entity misc_teleporter_dest unknown item
entity misc_teleporter_dest unknown item
entity trigger_teleport unknown item
item weapon_railgun reachable from jumppad area 10
entity target_position unknown item
entity trigger_push unknown item
entity target_position unknown item
entity func_static unknown item
entity func_static unknown item
entity func_static unknown item
entity info_camp unknown item
entity target_position unknown item
entity target_position unknown item
entity info_player_start unknown item
entity info_player_intermission unknown item
entity info_player_deathmatch unknown item
entity info_player_deathmatch unknown item
entity info_player_deathmatch unknown item
entity info_player_deathmatch unknown item
entity info_player_deathmatch unknown item
entity info_player_deathmatch unknown item
entity info_player_deathmatch unknown item
entity info_player_deathmatch unknown item
entity info_player_deathmatch unknown item
entity info_player_deathmatch unknown item
entity info_player_deathmatch unknown item
entity team_CTF_redspawn unknown item
entity team_CTF_redspawn unknown item
entity team_CTF_redspawn unknown item
entity team_CTF_redspawn unknown item
entity team_CTF_redspawn unknown item
entity team_CTF_redspawn unknown item
entity team_CTF_redspawn unknown item
entity team_CTF_redspawn unknown item
entity team_CTF_redspawn unknown item
entity team_CTF_redplayer unknown item
entity team_CTF_bluespawn unknown item
entity team_CTF_redplayer unknown item
entity trigger_push unknown item
entity target_position unknown item
entity trigger_push unknown item
entity target_position unknown item
entity target_position unknown item
entity target_position unknown item
entity trigger_push unknown item
entity trigger_push unknown item
entity target_position unknown item
entity trigger_push unknown item
entity target_position unknown item
entity trigger_push unknown item
entity trigger_push unknown item
entity target_position unknown item
entity target_position unknown item
entity trigger_push unknown item
entity trigger_push unknown item
entity trigger_push unknown item
entity trigger_push unknown item
entity trigger_push unknown item
entity target_position unknown item
entity target_position unknown item
entity trigger_push unknown item
entity trigger_push unknown item
entity target_position unknown item
entity trigger_push unknown item
entity trigger_push unknown item
entity target_position unknown item
entity trigger_push unknown item
entity target_position unknown item
entity trigger_push unknown item
entity trigger_push unknown item
entity target_position unknown item
entity trigger_push unknown item
entity team_CTF_redplayer unknown item
entity team_CTF_redplayer unknown item
entity team_CTF_redplayer unknown item
entity team_CTF_blueplayer unknown item
entity team_CTF_blueplayer unknown item
entity team_CTF_blueplayer unknown item
entity team_CTF_blueplayer unknown item
entity team_CTF_blueplayer unknown item
entity team_CTF_blueplayer unknown item
entity team_CTF_redspawn unknown item
entity team_CTF_redspawn unknown item
entity team_CTF_bluespawn unknown item
entity team_CTF_bluespawn unknown item
entity team_CTF_bluespawn unknown item
entity team_CTF_bluespawn unknown item
entity team_CTF_bluespawn unknown item
entity team_CTF_bluespawn unknown item
entity team_CTF_bluespawn unknown item
entity team_CTF_bluespawn unknown item
entity team_CTF_bluespawn unknown item
entity team_CTF_bluespawn unknown item
entity trigger_multiple unknown item
entity target_speaker unknown item
entity trigger_multiple unknown item
entity target_remove_powerups unknown item
entity trigger_hurt unknown item
entity trigger_push unknown item
entity target_position unknown item
entity target_position unknown item
entity trigger_push unknown item
entity target_position unknown item
entity target_position unknown item
entity target_position unknown item
entity target_position unknown item
entity info_camp unknown item
entity func_static unknown item
entity trigger_push unknown item
entity trigger_teleport unknown item
entity target_speaker unknown item
entity target_speaker unknown item
entity target_speaker unknown item
entity target_speaker unknown item
entity target_speaker unknown item
entity target_speaker unknown item
entity target_speaker unknown item
entity target_speaker unknown item
entity target_speaker unknown item
entity target_speaker unknown item
entity target_speaker unknown item
entity target_speaker unknown item
entity target_speaker unknown item
entity target_speaker unknown item
entity target_speaker unknown item
entity target_speaker unknown item
entity target_speaker unknown item
entity target_speaker unknown item
entity target_speaker unknown item
entity target_speaker unknown item
entity target_speaker unknown item
entity target_speaker unknown item
entity target_speaker unknown item
entity target_speaker unknown item
entity target_speaker unknown item
entity target_speaker unknown item
entity target_speaker unknown item
entity target_speaker unknown item
entity target_speaker unknown item
entity target_speaker unknown item
entity target_speaker unknown item
entity target_speaker unknown item
entity target_speaker unknown item
entity target_speaker unknown item
entity target_speaker unknown item
entity target_speaker unknown item
entity target_speaker unknown item
entity target_speaker unknown item
entity target_speaker unknown item
entity target_speaker unknown item
entity target_speaker unknown item
entity target_speaker unknown item
entity target_speaker unknown item
entity target_speaker unknown item
entity target_speaker unknown item
entity target_speaker unknown item
entity target_speaker unknown item
entity target_speaker unknown item
entity target_speaker unknown item
entity target_speaker unknown item
entity target_speaker unknown item
entity target_speaker unknown item
entity target_speaker unknown item
entity target_speaker unknown item
entity target_speaker unknown item
entity target_speaker unknown item
entity target_speaker unknown item
entity target_speaker unknown item
entity target_speaker unknown item
entity target_speaker unknown item
entity target_speaker unknown item
entity target_location unknown item
entity target_location unknown item
entity target_location unknown item
entity target_location unknown item
entity target_location unknown item
entity target_location unknown item
entity target_location unknown item
entity target_location unknown item
entity target_location unknown item
entity target_location unknown item
entity target_location unknown item
entity target_location unknown item
entity target_location unknown item
entity target_location unknown item
entity target_location unknown item
entity target_location unknown item
entity target_location unknown item
entity target_location unknown item
entity target_location unknown item
item weapon_railgun reachable from jumppad area 3793
entity func_static unknown item
entity func_static unknown item
entity func_static unknown item
entity func_static unknown item
entity func_static unknown item
entity func_static unknown item
entity trigger_push unknown item
entity target_position unknown item
entity trigger_push unknown item
entity target_position unknown item
entity trigger_multiple unknown item
entity func_door unknown item
entity func_door unknown item
entity target_position unknown item
entity target_position unknown item
entity target_position unknown item
entity target_position unknown item
entity target_position unknown item
entity target_position unknown item
entity target_position unknown item
entity target_position unknown item
entity func_static unknown item
entity func_static unknown item
entity target_speaker unknown item
entity target_speaker unknown item
entity target_speaker unknown item
entity target_speaker unknown item
entity target_speaker unknown item
entity target_speaker unknown item
entity func_static unknown item
item holdable_kamikaze reachable from jumppad area 1336
entity trigger_push unknown item
entity target_position unknown item
entity target_location unknown item
entity target_location unknown item
item info 7 "weapon_gauntlet" has no fuzzy weight
item info 16 "weapon_grapplinghook" has no fuzzy weight
item info 49 "team_redobelisk" has no fuzzy weight
item info 50 "team_blueobelisk" has no fuzzy weight
item info 51 "team_neutralobelisk" has no fuzzy weight
item info 7 "weapon_gauntlet" has no fuzzy weight
item info 16 "weapon_grapplinghook" has no fuzzy weight
item info 49 "team_redobelisk" has no fuzzy weight
item info 50 "team_blueobelisk" has no fuzzy weight
item info 51 "team_neutralobelisk" has no fuzzy weight
item info 7 "weapon_gauntlet" has no fuzzy weight
item info 16 "weapon_grapplinghook" has no fuzzy weight
item info 49 "team_redobelisk" has no fuzzy weight
item info 50 "team_blueobelisk" has no fuzzy weight
item info 51 "team_neutralobelisk" has no fuzzy weight
item info 7 "weapon_gauntlet" has no fuzzy weight
item info 16 "weapon_grapplinghook" has no fuzzy weight
item info 49 "team_redobelisk" has no fuzzy weight
item info 50 "team_blueobelisk" has no fuzzy weight
item info 51 "team_neutralobelisk" has no fuzzy weight
item info 7 "weapon_gauntlet" has no fuzzy weight
item info 16 "weapon_grapplinghook" has no fuzzy weight
item info 49 "team_redobelisk" has no fuzzy weight
item info 50 "team_blueobelisk" has no fuzzy weight
item info 51 "team_neutralobelisk" has no fuzzy weight
